INT_LIT 99
> Insert {height} into symbol table (scope level: 0)
FLOAT_LIT 3.140000
> Insert {width} into symbol table (scope level: 1)
> Dump symbol table (scope level: 1)
Index     Name      Type      Address   Lineno    Element type
0         width     float32   1         3         -
> Insert {length} into symbol table (scope level: 0)
STRING_LIT hello world
> Insert {length} into symbol table (scope level: 1)
TRUE
> Insert {length} into symbol table (scope level: 2)
> Dump symbol table (scope level: 2)
Index     Name      Type      Address   Lineno    Element type
0         length    bool      4         9         -
STRING_LIT Hi, OuO\n
> Insert {width} into symbol table (scope level: 1)
> Dump symbol table (scope level: 1)
Index     Name      Type      Address   Lineno    Element type
0         length    string    3         7         -
1         width     string    5         11        -
> Dump symbol table (scope level: 0)
Index     Name      Type      Address   Lineno    Element type
0         height    int32     0         1         -
1         length    float32   2         5         -
Total lines: 12
